<?xml version="1.0" encoding="UTF-8"?>
<testsuite name="apiTests.GithubRepoListTest" tests="7" skipped="0" failures="0" errors="0" timestamp="2017-01-30T10:42:50" hostname="buddys-mbp" time="0.565">
  <properties/>
  <testcase name="test_AmountOfRepository_ShouldBe30" classname="apiTests.GithubRepoListTest" time="0.0"/>
  <testcase name="test_JsonResponse" classname="apiTests.GithubRepoListTest" time="0.002"/>
  <testcase name="test_JsonResponse_Scheme" classname="apiTests.GithubRepoListTest" time="0.351"/>
  <testcase name="test_ResponseKeys_OwnerKeyAsJsonObject" classname="apiTests.GithubRepoListTest" time="0.076"/>
  <testcase name="test_ResponseKeys_ShouldwithValueBoolean" classname="apiTests.GithubRepoListTest" time="0.06"/>
  <testcase name="test_ResponseKeys_ShouldwithValueInt" classname="apiTests.GithubRepoListTest" time="0.072"/>
  <testcase name="test_responseCode_shouldbe200" classname="apiTests.GithubRepoListTest" time="0.001"/>
  <system-out><![CDATA[]]></system-out>
  <system-err><![CDATA[]]></system-err>
</testsuite>
